nohup: ignoring input

> since-this-call@0.1.0 dev
> next dev

 ⚠ Port 3000 is in use, trying 3001 instead.
 ⚠ Port 3001 is in use, trying 3002 instead.
  ▲ Next.js 14.2.35
  - Local:        http://localhost:3002
  - Environments: .env.local

 ✓ Starting...
 ✓ Ready in 2.7s
 ○ Compiling / ...
 ✓ Compiled / in 2.9s (931 modules)
 GET / 200 in 3540ms
 ✓ Compiled in 650ms (439 modules)
 GET / 200 in 98ms
 ○ Compiling /icon.png ...
 ✓ Compiled /icon.png in 1248ms (526 modules)
 ✓ Compiled (555 modules)
 GET /icon.png?e82170debad323cc 200 in 1792ms
🔌 Initializing Local Redis Wrapper (Lazy IORedis)...
 GET /api/metrics 200 in 2092ms
 GET /api/metrics 200 in 28ms
 GET /icon.png?e82170debad323cc 200 in 35ms
 GET /api/metrics 200 in 28ms
 GET /api/metrics 200 in 24ms
 GET / 200 in 207ms
 GET / 200 in 56ms
 GET /api/metrics 200 in 14ms
 GET /api/metrics 200 in 9ms
 GET /api/metrics 200 in 6ms
 GET /api/metrics 200 in 9ms
